2012-08-16 15:42:30 1711     DEBUG    GET /
2012-08-16 15:42:30 1711     DEBUG    Dispatch to controller: \Controller\Index
2012-08-16 15:43:11 1718     DEBUG    GET /
2012-08-16 15:43:11 1718     DEBUG    Dispatch to controller: \Controller\Index
2012-08-16 15:43:37 1719     DEBUG    GET /
2012-08-16 15:43:37 1719     DEBUG    Dispatch to controller: \Controller\Index
2012-08-16 15:44:36 1730     DEBUG    GET /
2012-08-16 15:44:36 1730     DEBUG    Dispatch to controller: \Controller\Index
2012-08-16 15:53:25 1766     DEBUG    GET /
2012-08-16 15:53:25 1766     DEBUG    Dispatch to controller: \Controller\Index
2012-08-16 16:26:18 1935     DEBUG    GET /
2012-08-16 16:26:18 1935     DEBUG    Dispatch to controller: \Controller\Index
2012-08-16 16:27:43 1947     DEBUG    GET /
2012-08-16 16:27:43 1947     DEBUG    Dispatch to controller: \Controller\Index
2012-08-16 16:33:18 1971     DEBUG    GET /
2012-08-16 16:33:18 1971     DEBUG    Dispatch to controller: \Controller\Index
2012-08-16 16:35:31 1996     DEBUG    GET /
2012-08-16 16:35:31 1996     DEBUG    Dispatch to controller: \Controller\Index
2012-08-16 17:54:57 2411     DEBUG    GET /
2012-08-16 17:54:57 2411     DEBUG    Dispatch to controller: \Controller\Index
2012-08-16 17:55:40 2413     DEBUG    GET /
2012-08-16 17:55:40 2413     DEBUG    Dispatch to controller: \Controller\Index
2012-08-16 17:55:40 2413     DEBUG    POST /
2012-08-16 17:55:40 2413     DEBUG    Dispatch to controller: \Controller\Index
2012-08-16 17:56:18 2414     DEBUG    GET /
2012-08-16 17:56:18 2414     DEBUG    Dispatch to controller: \Controller\Index
2012-08-16 17:56:18 2414     DEBUG    POST /
2012-08-16 17:56:18 2414     DEBUG    Dispatch to controller: \Controller\Index
2012-08-16 17:56:54 482      DEBUG    POST /
2012-08-16 17:56:54 482      DEBUG    Parameters: a=b
2012-08-16 17:56:54 482      DEBUG    Dispatch to controller: \Controller\Index
2012-08-16 17:56:54 482      DEBUG    HTTP/1.1 405 Method Not Allowed
2012-08-16 17:57:27 2425     DEBUG    GET /
2012-08-16 17:57:27 2425     DEBUG    Dispatch to controller: \Controller\Index
2012-08-16 17:57:27 2425     DEBUG    POST /
2012-08-16 17:57:27 2425     DEBUG    Dispatch to controller: \Controller\Index
2012-08-16 17:57:38 2427     DEBUG    GET /
2012-08-16 17:57:38 2427     DEBUG    Dispatch to controller: \Controller\Index
2012-08-16 17:57:38 2427     DEBUG    POST /
2012-08-16 17:57:38 2427     DEBUG    Dispatch to controller: \Controller\Index
2012-08-16 17:58:05 2428     DEBUG    GET /
2012-08-16 17:58:05 2428     DEBUG    Dispatch to controller: \Controller\Index
2012-08-16 17:58:05 2428     DEBUG    POST /
2012-08-16 17:58:05 2428     DEBUG    Dispatch to controller: \Controller\Index
2012-08-16 17:58:10 2429     DEBUG    GET /
2012-08-16 17:58:10 2429     DEBUG    Dispatch to controller: \Controller\Index
2012-08-16 17:58:10 2429     DEBUG    POST /
2012-08-16 17:58:10 2429     DEBUG    Dispatch to controller: \Controller\Index
2012-08-16 17:58:18 2430     DEBUG    GET /
2012-08-16 17:58:18 2430     DEBUG    Dispatch to controller: \Controller\Index
2012-08-16 17:58:18 2430     DEBUG    POST /
2012-08-16 17:58:18 2430     DEBUG    Dispatch to controller: \Controller\Index
