2012-08-17 10:47:44 579      DEBUG    GET /
2012-08-17 10:47:44 579      DEBUG    Dispatch to controller: \Controller\Index
2012-08-17 10:47:44 579      DEBUG    POST /
2012-08-17 10:47:44 579      DEBUG    Dispatch to controller: \Controller\Index
2012-08-17 11:00:54 644      DEBUG    GET /
2012-08-17 11:00:54 644      DEBUG    Dispatch to controller: \Controller\Index
2012-08-17 11:00:54 644      DEBUG    POST /
2012-08-17 11:00:54 644      DEBUG    Dispatch to controller: \Controller\Index
2012-08-17 11:01:03 646      DEBUG    GET /
2012-08-17 11:01:03 646      DEBUG    Dispatch to controller: \Controller\Index
2012-08-17 11:01:03 646      DEBUG    POST /
2012-08-17 11:01:03 646      DEBUG    Dispatch to controller: \Controller\Index
2012-08-17 11:02:07 650      DEBUG    GET /
2012-08-17 11:02:07 650      DEBUG    Dispatch to controller: \Controller\Index
2012-08-17 11:02:07 650      DEBUG    POST /
2012-08-17 11:02:07 650      DEBUG    Dispatch to controller: \Controller\Index
2012-08-17 11:02:12 651      DEBUG    GET /
2012-08-17 11:02:12 651      DEBUG    Dispatch to controller: \Controller\Index
2012-08-17 11:02:12 651      DEBUG    POST /
2012-08-17 11:02:12 651      DEBUG    Dispatch to controller: \Controller\Index
2012-08-17 11:11:44 678      DEBUG    GET /
2012-08-17 11:11:44 678      DEBUG    Dispatch to controller: \Controller\Index
2012-08-17 11:11:44 678      DEBUG    POST /
2012-08-17 11:11:44 678      DEBUG    Dispatch to controller: \Controller\Index
2012-08-17 11:26:11 749      DEBUG    GET /
2012-08-17 11:26:11 749      DEBUG    Dispatch to controller: \Controller\Index
2012-08-17 11:26:11 749      DEBUG    POST /
2012-08-17 11:26:11 749      DEBUG    Dispatch to controller: \Controller\Index
2012-08-17 11:26:30 751      DEBUG    GET /
2012-08-17 11:26:30 751      DEBUG    Dispatch to controller: \Controller\Index
2012-08-17 11:26:30 751      DEBUG    POST /
2012-08-17 11:26:30 751      DEBUG    Dispatch to controller: \Controller\Index
2012-08-17 11:42:09 838      DEBUG    GET /
2012-08-17 11:42:09 838      DEBUG    Dispatch to controller: \Controller\Index
2012-08-17 11:42:09 838      DEBUG    POST /
2012-08-17 11:42:09 838      DEBUG    Dispatch to controller: \Controller\Index
2012-08-17 11:43:16 845      DEBUG    GET /
2012-08-17 11:43:16 845      DEBUG    Dispatch to controller: \Controller\Index
2012-08-17 11:43:16 845      DEBUG    POST /
2012-08-17 11:43:16 845      DEBUG    Dispatch to controller: \Controller\Index
2012-08-17 11:43:48 848      DEBUG    GET /
2012-08-17 11:43:48 848      DEBUG    Dispatch to controller: \Controller\Index
2012-08-17 11:43:48 848      DEBUG    POST /
2012-08-17 11:43:48 848      DEBUG    Dispatch to controller: \Controller\Index
2012-08-17 11:44:15 849      DEBUG    GET /
2012-08-17 11:44:15 849      DEBUG    Dispatch to controller: \Controller\Index
2012-08-17 11:44:15 849      DEBUG    POST /
2012-08-17 11:44:15 849      DEBUG    Dispatch to controller: \Controller\Index
2012-08-17 11:45:20 857      DEBUG    GET /
2012-08-17 11:45:20 857      DEBUG    Dispatch to controller: \Controller\Index
2012-08-17 11:45:20 857      DEBUG    POST /
2012-08-17 11:45:20 857      DEBUG    Dispatch to controller: \Controller\Index
2012-08-17 11:45:25 858      DEBUG    GET /
2012-08-17 11:45:25 858      DEBUG    Dispatch to controller: \Controller\Index
2012-08-17 11:45:25 858      DEBUG    POST /
2012-08-17 11:45:25 858      DEBUG    Dispatch to controller: \Controller\Index
2012-08-17 11:52:24 865      DEBUG    GET /
2012-08-17 11:52:24 865      DEBUG    Dispatch to controller: \Controller\Index
2012-08-17 11:52:24 865      DEBUG    POST /
2012-08-17 11:52:24 865      DEBUG    Dispatch to controller: \Controller\Index
2012-08-17 11:53:01 873      DEBUG    GET /
2012-08-17 11:53:01 873      DEBUG    Dispatch to controller: \Controller\Index
2012-08-17 11:53:01 873      DEBUG    POST /
2012-08-17 11:53:01 873      DEBUG    Dispatch to controller: \Controller\Index
2012-08-17 11:59:49 912      DEBUG    GET /
2012-08-17 11:59:49 912      DEBUG    Dispatch to controller: \Controller\Index
2012-08-17 11:59:49 912      DEBUG    POST /
2012-08-17 11:59:49 912      DEBUG    Dispatch to controller: \Controller\Index
2012-08-17 12:01:11 918      DEBUG    GET /
2012-08-17 12:01:11 918      DEBUG    Dispatch to controller: \Controller\Index
2012-08-17 12:01:11 918      DEBUG    POST /
2012-08-17 12:01:11 918      DEBUG    Dispatch to controller: \Controller\Index
2012-08-17 12:08:18 955      DEBUG    GET /
2012-08-17 12:08:18 955      DEBUG    Dispatch to controller: \Controller\Index
2012-08-17 12:08:18 955      DEBUG    POST /
2012-08-17 12:08:18 955      DEBUG    Dispatch to controller: \Controller\Index
2012-08-17 14:06:03 1308     DEBUG    GET /
2012-08-17 14:06:03 1308     DEBUG    Dispatch to controller: \Controller\Index
2012-08-17 14:06:03 1308     DEBUG    POST /
2012-08-17 14:06:03 1308     DEBUG    Dispatch to controller: \Controller\Index
2012-08-17 15:14:33 1697     DEBUG    GET /
2012-08-17 15:14:33 1697     DEBUG    Dispatch to controller: \Controller\Index
2012-08-17 15:14:33 1697     DEBUG    GET /
2012-08-17 15:14:33 1697     DEBUG    Dispatch to controller: \Controller\Index
2012-08-17 15:14:33 1697     DEBUG    POST /
2012-08-17 15:14:33 1697     DEBUG    Dispatch to controller: \Controller\Index
2012-08-17 15:14:54 1704     DEBUG    GET /
2012-08-17 15:14:54 1704     DEBUG    Dispatch to controller: \Controller\Index
2012-08-17 15:14:54 1704     DEBUG    GET /
2012-08-17 15:14:54 1704     DEBUG    Dispatch to controller: \Controller\Index
2012-08-17 15:14:54 1704     DEBUG    POST /
2012-08-17 15:14:54 1704     DEBUG    Dispatch to controller: \Controller\Index
2012-08-17 15:20:36 1745     DEBUG    GET /
2012-08-17 15:20:36 1745     DEBUG    Dispatch to controller: \Controller\Index
2012-08-17 15:20:36 1745     DEBUG    GET /
2012-08-17 15:20:36 1745     DEBUG    Dispatch to controller: \Controller\Index
2012-08-17 15:20:36 1745     DEBUG    POST /
2012-08-17 15:20:36 1745     DEBUG    Dispatch to controller: \Controller\Index
2012-08-17 15:21:06 1747     DEBUG    GET /
2012-08-17 15:21:06 1747     DEBUG    Dispatch to controller: \Controller\Index
2012-08-17 15:21:06 1747     DEBUG    GET /
2012-08-17 15:21:06 1747     DEBUG    Dispatch to controller: \Controller\Index
2012-08-17 15:21:14 1748     DEBUG    GET /
2012-08-17 15:21:14 1748     DEBUG    Dispatch to controller: \Controller\Index
2012-08-17 15:21:14 1748     DEBUG    GET /
2012-08-17 15:21:14 1748     DEBUG    Dispatch to controller: \Controller\Index
2012-08-17 15:21:14 1748     DEBUG    POST /
2012-08-17 15:21:14 1748     DEBUG    Dispatch to controller: \Controller\Index
2012-08-17 15:22:12 1765     DEBUG    GET /
2012-08-17 15:22:12 1765     DEBUG    Dispatch to controller: \Controller\Index
2012-08-17 15:22:26 1770     DEBUG    GET /
2012-08-17 15:22:26 1770     DEBUG    Dispatch to controller: \Controller\Index
2012-08-17 15:22:26 1770     DEBUG    GET /
2012-08-17 15:22:26 1770     DEBUG    Dispatch to controller: \Controller\Index
2012-08-17 15:22:26 1770     DEBUG    POST /
2012-08-17 15:22:26 1770     DEBUG    Dispatch to controller: \Controller\Index
2012-08-17 15:22:38 1771     DEBUG    GET /
2012-08-17 15:22:38 1771     DEBUG    Dispatch to controller: \Controller\Index
2012-08-17 15:22:38 1771     DEBUG    GET /
2012-08-17 15:22:38 1771     DEBUG    Dispatch to controller: \Controller\Index
2012-08-17 15:22:38 1771     DEBUG    POST /
2012-08-17 15:22:38 1771     DEBUG    Dispatch to controller: \Controller\Index
2012-08-17 15:22:46 1772     DEBUG    GET /
2012-08-17 15:22:46 1772     DEBUG    Dispatch to controller: \Controller\Index
2012-08-17 15:22:46 1772     DEBUG    GET /
2012-08-17 15:22:46 1772     DEBUG    Dispatch to controller: \Controller\Index
2012-08-17 15:22:46 1772     DEBUG    POST /
2012-08-17 15:22:46 1772     DEBUG    Dispatch to controller: \Controller\Index
2012-08-17 15:26:10 1789     DEBUG    GET /
2012-08-17 15:26:10 1789     DEBUG    Dispatch to controller: \Controller\Index
2012-08-17 15:26:10 1789     DEBUG    GET /
2012-08-17 15:26:10 1789     DEBUG    Dispatch to controller: \Controller\Index
2012-08-17 15:26:10 1789     DEBUG    POST /
2012-08-17 15:26:10 1789     DEBUG    Dispatch to controller: \Controller\Index
2012-08-17 15:26:19 1793     DEBUG    GET /
2012-08-17 15:26:19 1793     DEBUG    Dispatch to controller: \Controller\Index
2012-08-17 15:26:19 1793     DEBUG    GET /
2012-08-17 15:26:19 1793     DEBUG    Dispatch to controller: \Controller\Index
2012-08-17 15:26:19 1793     DEBUG    POST /
2012-08-17 15:26:19 1793     DEBUG    Dispatch to controller: \Controller\Index
2012-08-17 15:27:36 1798     DEBUG    GET /
2012-08-17 15:27:36 1798     DEBUG    Dispatch to controller: \Controller\Index
2012-08-17 15:27:36 1798     DEBUG    GET /
2012-08-17 15:27:36 1798     DEBUG    Dispatch to controller: \Controller\Index
2012-08-17 15:27:36 1798     DEBUG    POST /
2012-08-17 15:27:36 1798     DEBUG    Dispatch to controller: \Controller\Index
2012-08-17 15:28:19 1817     DEBUG    GET /
2012-08-17 15:28:19 1817     DEBUG    Dispatch to controller: \Controller\Index
2012-08-17 15:28:19 1817     DEBUG    GET /
2012-08-17 15:28:19 1817     DEBUG    Dispatch to controller: \Controller\Index
2012-08-17 15:28:19 1817     DEBUG    POST /
2012-08-17 15:28:19 1817     DEBUG    Dispatch to controller: \Controller\Index
2012-08-17 15:28:34 1819     DEBUG    GET /
2012-08-17 15:28:34 1819     DEBUG    Dispatch to controller: \Controller\Index
2012-08-17 15:28:34 1819     DEBUG    GET /
2012-08-17 15:28:34 1819     DEBUG    Dispatch to controller: \Controller\Index
2012-08-17 15:28:34 1819     DEBUG    POST /
2012-08-17 15:28:34 1819     DEBUG    Dispatch to controller: \Controller\Index
2012-08-17 15:28:43 1823     DEBUG    GET /
2012-08-17 15:28:43 1823     DEBUG    Dispatch to controller: \Controller\Index
2012-08-17 15:28:43 1823     DEBUG    GET /
2012-08-17 15:28:43 1823     DEBUG    Dispatch to controller: \Controller\Index
2012-08-17 15:28:43 1823     DEBUG    POST /
2012-08-17 15:28:43 1823     DEBUG    Dispatch to controller: \Controller\Index
2012-08-17 15:33:22 1858     DEBUG    GET /
2012-08-17 15:33:22 1858     DEBUG    Dispatch to controller: \Controller\Index
2012-08-17 15:33:22 1858     DEBUG    GET /
2012-08-17 15:33:22 1858     DEBUG    Dispatch to controller: \Controller\Index
2012-08-17 15:33:22 1858     DEBUG    POST /
2012-08-17 15:33:22 1858     DEBUG    Dispatch to controller: \Controller\Index
2012-08-17 15:33:46 1859     DEBUG    GET /
2012-08-17 15:33:46 1859     DEBUG    Dispatch to controller: \Controller\Index
2012-08-17 15:33:46 1859     DEBUG    GET /
2012-08-17 15:33:46 1859     DEBUG    Dispatch to controller: \Controller\Index
2012-08-17 15:33:46 1859     DEBUG    POST /
2012-08-17 15:33:46 1859     DEBUG    Dispatch to controller: \Controller\Index
2012-08-17 15:33:58 1860     DEBUG    GET /
2012-08-17 15:33:58 1860     DEBUG    Dispatch to controller: \Controller\Index
2012-08-17 15:33:58 1860     DEBUG    GET /
2012-08-17 15:33:58 1860     DEBUG    Dispatch to controller: \Controller\Index
2012-08-17 15:33:58 1860     DEBUG    POST /
2012-08-17 15:33:58 1860     DEBUG    Dispatch to controller: \Controller\Index
2012-08-17 15:34:12 1870     DEBUG    GET /
2012-08-17 15:34:12 1870     DEBUG    Dispatch to controller: \Controller\Index
2012-08-17 15:34:12 1870     DEBUG    GET /
2012-08-17 15:34:12 1870     DEBUG    Dispatch to controller: \Controller\Index
2012-08-17 15:34:12 1870     DEBUG    POST /
2012-08-17 15:34:12 1870     DEBUG    Dispatch to controller: \Controller\Index
2012-08-17 15:35:11 1875     DEBUG    GET /
2012-08-17 15:35:11 1875     DEBUG    Dispatch to controller: \Controller\Index
2012-08-17 15:35:11 1875     DEBUG    GET /
2012-08-17 15:35:11 1875     DEBUG    Dispatch to controller: \Controller\Index
2012-08-17 15:35:11 1875     DEBUG    POST /
2012-08-17 15:35:11 1875     DEBUG    Dispatch to controller: \Controller\Index
2012-08-17 15:35:17 1878     DEBUG    GET /
2012-08-17 15:35:17 1878     DEBUG    Dispatch to controller: \Controller\Index
2012-08-17 15:35:17 1878     DEBUG    GET /
2012-08-17 15:35:17 1878     DEBUG    Dispatch to controller: \Controller\Index
2012-08-17 15:35:17 1878     DEBUG    POST /
2012-08-17 15:35:17 1878     DEBUG    Dispatch to controller: \Controller\Index
2012-08-17 15:35:34 1879     DEBUG    GET /
2012-08-17 15:35:34 1879     DEBUG    Dispatch to controller: \Controller\Index
2012-08-17 15:35:34 1879     DEBUG    GET /
2012-08-17 15:35:34 1879     DEBUG    Dispatch to controller: \Controller\Index
2012-08-17 15:35:34 1879     DEBUG    POST /
2012-08-17 15:35:34 1879     DEBUG    Dispatch to controller: \Controller\Index
2012-08-17 15:35:42 1880     DEBUG    GET /
2012-08-17 15:35:42 1880     DEBUG    Dispatch to controller: \Controller\Index
2012-08-17 15:35:42 1880     DEBUG    GET /
2012-08-17 15:35:42 1880     DEBUG    Dispatch to controller: \Controller\Index
2012-08-17 15:35:42 1880     DEBUG    POST /
2012-08-17 15:35:42 1880     DEBUG    Dispatch to controller: \Controller\Index
2012-08-17 15:36:33 1886     DEBUG    GET /
2012-08-17 15:36:33 1886     DEBUG    Dispatch to controller: \Controller\Index
2012-08-17 15:36:33 1886     DEBUG    GET /
2012-08-17 15:36:33 1886     DEBUG    Dispatch to controller: \Controller\Index
2012-08-17 15:36:33 1886     DEBUG    POST /
2012-08-17 15:36:33 1886     DEBUG    Dispatch to controller: \Controller\Index
2012-08-17 15:38:06 1894     DEBUG    GET /
2012-08-17 15:38:06 1894     DEBUG    Dispatch to controller: \Controller\Index
2012-08-17 15:38:06 1894     DEBUG    GET /
2012-08-17 15:38:06 1894     DEBUG    Dispatch to controller: \Controller\Index
2012-08-17 15:38:06 1894     DEBUG    POST /
2012-08-17 15:38:06 1894     DEBUG    Dispatch to controller: \Controller\Index
2012-08-17 15:38:27 1899     DEBUG    GET /
2012-08-17 15:38:27 1899     DEBUG    Dispatch to controller: \Controller\Index
2012-08-17 15:38:27 1899     DEBUG    GET /
2012-08-17 15:38:27 1899     DEBUG    Dispatch to controller: \Controller\Index
2012-08-17 15:38:27 1899     DEBUG    POST /
2012-08-17 15:38:27 1899     DEBUG    Dispatch to controller: \Controller\Index
2012-08-17 15:39:50 1907     DEBUG    GET /
2012-08-17 15:39:50 1907     DEBUG    Dispatch to controller: \Controller\Index
2012-08-17 15:39:50 1907     DEBUG    GET /
2012-08-17 15:39:50 1907     DEBUG    Dispatch to controller: \Controller\Index
2012-08-17 15:39:50 1907     DEBUG    POST /
2012-08-17 15:39:50 1907     DEBUG    Dispatch to controller: \Controller\Index
2012-08-17 15:40:04 1909     DEBUG    GET /
2012-08-17 15:40:04 1909     DEBUG    Dispatch to controller: \Controller\Index
2012-08-17 15:40:04 1909     DEBUG    GET /
2012-08-17 15:40:04 1909     DEBUG    Dispatch to controller: \Controller\Index
2012-08-17 15:40:04 1909     DEBUG    POST /
2012-08-17 15:40:04 1909     DEBUG    Dispatch to controller: \Controller\Index
2012-08-17 15:40:14 1913     DEBUG    GET /
2012-08-17 15:40:14 1913     DEBUG    Dispatch to controller: \Controller\Index
2012-08-17 15:40:27 1914     DEBUG    GET /
2012-08-17 15:40:27 1914     DEBUG    Dispatch to controller: \Controller\Index
2012-08-17 15:40:27 1914     DEBUG    GET /
2012-08-17 15:40:27 1914     DEBUG    Dispatch to controller: \Controller\Index
2012-08-17 15:40:27 1914     DEBUG    POST /
2012-08-17 15:40:27 1914     DEBUG    Dispatch to controller: \Controller\Index
2012-08-17 15:41:45 1925     DEBUG    GET /
2012-08-17 15:41:45 1925     DEBUG    Dispatch to controller: \Controller\Index
2012-08-17 15:41:45 1925     DEBUG    GET /
2012-08-17 15:41:45 1925     DEBUG    Dispatch to controller: \Controller\Index
2012-08-17 15:41:45 1925     DEBUG    POST /
2012-08-17 15:41:45 1925     DEBUG    Dispatch to controller: \Controller\Index
2012-08-17 15:48:04 1945     DEBUG    GET /
2012-08-17 15:48:04 1945     DEBUG    Dispatch to controller: \Controller\Index
2012-08-17 15:48:04 1945     DEBUG    GET /
2012-08-17 15:48:04 1945     DEBUG    Dispatch to controller: \Controller\Index
2012-08-17 15:48:04 1945     DEBUG    POST /
2012-08-17 15:48:04 1945     DEBUG    Dispatch to controller: \Controller\Index
2012-08-17 15:48:17 1950     DEBUG    GET /
2012-08-17 15:48:17 1950     DEBUG    Dispatch to controller: \Controller\Index
2012-08-17 15:48:17 1950     DEBUG    GET /
2012-08-17 15:48:17 1950     DEBUG    Dispatch to controller: \Controller\Index
2012-08-17 15:48:17 1950     DEBUG    POST /
2012-08-17 15:48:17 1950     DEBUG    Dispatch to controller: \Controller\Index
2012-08-17 15:48:54 1958     DEBUG    GET /
2012-08-17 15:48:54 1958     DEBUG    Dispatch to controller: \Controller\Index
2012-08-17 15:48:54 1958     DEBUG    GET /
2012-08-17 15:48:54 1958     DEBUG    Dispatch to controller: \Controller\Index
2012-08-17 15:48:54 1958     DEBUG    POST /
2012-08-17 15:48:54 1958     DEBUG    Dispatch to controller: \Controller\Index
2012-08-17 15:49:04 1959     DEBUG    GET /
2012-08-17 15:49:04 1959     DEBUG    Dispatch to controller: \Controller\Index
2012-08-17 15:49:04 1959     DEBUG    GET /
2012-08-17 15:49:04 1959     DEBUG    Dispatch to controller: \Controller\Index
2012-08-17 15:49:04 1959     DEBUG    POST /
2012-08-17 15:49:04 1959     DEBUG    Dispatch to controller: \Controller\Index
2012-08-17 15:49:17 1960     DEBUG    GET /
2012-08-17 15:49:17 1960     DEBUG    Dispatch to controller: \Controller\Index
2012-08-17 15:49:17 1960     DEBUG    GET /
2012-08-17 15:49:17 1960     DEBUG    Dispatch to controller: \Controller\Index
2012-08-17 15:49:17 1960     DEBUG    POST /
2012-08-17 15:49:17 1960     DEBUG    Dispatch to controller: \Controller\Index
2012-08-17 15:50:15 1966     DEBUG    GET /
2012-08-17 15:50:15 1966     DEBUG    Dispatch to controller: \Controller\Index
2012-08-17 15:50:15 1966     DEBUG    GET /
2012-08-17 15:50:15 1966     DEBUG    Dispatch to controller: \Controller\Index
2012-08-17 15:50:16 1966     DEBUG    POST /
2012-08-17 15:50:16 1966     DEBUG    Dispatch to controller: \Controller\Index
2012-08-17 15:50:34 1973     DEBUG    GET /
2012-08-17 15:50:34 1973     DEBUG    Dispatch to controller: \Controller\Index
2012-08-17 15:50:34 1973     DEBUG    GET /
2012-08-17 15:50:34 1973     DEBUG    Dispatch to controller: \Controller\Index
2012-08-17 15:50:34 1973     DEBUG    POST /
2012-08-17 15:50:34 1973     DEBUG    Dispatch to controller: \Controller\Index
2012-08-17 15:51:32 1984     DEBUG    GET /
2012-08-17 15:51:32 1984     DEBUG    Dispatch to controller: \Controller\Index
2012-08-17 15:51:32 1984     DEBUG    GET /
2012-08-17 15:51:32 1984     DEBUG    Dispatch to controller: \Controller\Index
2012-08-17 15:51:32 1984     DEBUG    POST /
2012-08-17 15:51:32 1984     DEBUG    Dispatch to controller: \Controller\Index
2012-08-17 15:52:11 1988     DEBUG    GET /
2012-08-17 15:52:11 1988     DEBUG    Dispatch to controller: \Controller\Index
2012-08-17 15:52:11 1988     DEBUG    GET /
2012-08-17 15:52:11 1988     DEBUG    Dispatch to controller: \Controller\Index
2012-08-17 15:52:11 1988     DEBUG    POST /
2012-08-17 15:52:11 1988     DEBUG    Dispatch to controller: \Controller\Index
2012-08-17 15:52:25 1989     DEBUG    GET /
2012-08-17 15:52:25 1989     DEBUG    Dispatch to controller: \Controller\Index
2012-08-17 15:52:25 1989     DEBUG    GET /
2012-08-17 15:52:25 1989     DEBUG    Dispatch to controller: \Controller\Index
2012-08-17 15:52:25 1989     DEBUG    POST /
2012-08-17 15:52:25 1989     DEBUG    Dispatch to controller: \Controller\Index
2012-08-17 15:52:35 1990     DEBUG    GET /
2012-08-17 15:52:35 1990     DEBUG    Dispatch to controller: \Controller\Index
2012-08-17 15:52:35 1990     DEBUG    GET /
2012-08-17 15:52:35 1990     DEBUG    Dispatch to controller: \Controller\Index
2012-08-17 15:52:35 1990     DEBUG    POST /
2012-08-17 15:52:35 1990     DEBUG    Dispatch to controller: \Controller\Index
2012-08-17 15:52:55 1994     DEBUG    GET /
2012-08-17 15:52:55 1994     DEBUG    Dispatch to controller: \Controller\Index
2012-08-17 15:52:55 1994     DEBUG    GET /
2012-08-17 15:52:55 1994     DEBUG    Dispatch to controller: \Controller\Index
2012-08-17 15:52:55 1994     DEBUG    POST /
2012-08-17 15:52:55 1994     DEBUG    Dispatch to controller: \Controller\Index
2012-08-17 15:53:58 2001     DEBUG    GET /
2012-08-17 15:53:58 2001     DEBUG    Dispatch to controller: \Controller\Index
2012-08-17 15:53:58 2001     DEBUG    GET /
2012-08-17 15:53:58 2001     DEBUG    Dispatch to controller: \Controller\Index
2012-08-17 15:53:58 2001     DEBUG    POST /
2012-08-17 15:53:58 2001     DEBUG    Dispatch to controller: \Controller\Index
2012-08-17 15:54:01 2002     DEBUG    GET /
2012-08-17 15:54:01 2002     DEBUG    Dispatch to controller: \Controller\Index
2012-08-17 15:54:01 2002     DEBUG    GET /
2012-08-17 15:54:01 2002     DEBUG    Dispatch to controller: \Controller\Index
2012-08-17 15:54:01 2002     DEBUG    POST /
2012-08-17 15:54:01 2002     DEBUG    Dispatch to controller: \Controller\Index
2012-08-17 15:54:13 2006     DEBUG    GET /
2012-08-17 15:54:13 2006     DEBUG    Dispatch to controller: \Controller\Index
2012-08-17 15:54:13 2006     DEBUG    GET /
2012-08-17 15:54:13 2006     DEBUG    Dispatch to controller: \Controller\Index
2012-08-17 15:54:13 2006     DEBUG    POST /
2012-08-17 15:54:13 2006     DEBUG    Dispatch to controller: \Controller\Index
2012-08-17 15:54:27 2007     DEBUG    GET /
2012-08-17 15:54:27 2007     DEBUG    Dispatch to controller: \Controller\Index
2012-08-17 15:54:27 2007     DEBUG    GET /
2012-08-17 15:54:27 2007     DEBUG    Dispatch to controller: \Controller\Index
2012-08-17 15:54:27 2007     DEBUG    POST /
2012-08-17 15:54:27 2007     DEBUG    Dispatch to controller: \Controller\Index
2012-08-17 15:55:54 2012     DEBUG    GET /
2012-08-17 15:55:54 2012     DEBUG    Dispatch to controller: \Controller\Index
2012-08-17 15:55:54 2012     DEBUG    GET /
2012-08-17 15:55:54 2012     DEBUG    Dispatch to controller: \Controller\Index
2012-08-17 15:55:54 2012     DEBUG    POST /
2012-08-17 15:55:54 2012     DEBUG    Dispatch to controller: \Controller\Index
2012-08-17 15:56:31 2018     DEBUG    GET /
2012-08-17 15:56:31 2018     DEBUG    Dispatch to controller: \Controller\Index
2012-08-17 15:56:31 2018     DEBUG    GET /
2012-08-17 15:56:31 2018     DEBUG    Dispatch to controller: \Controller\Index
2012-08-17 15:56:31 2018     DEBUG    POST /
2012-08-17 15:56:31 2018     DEBUG    Dispatch to controller: \Controller\Index
2012-08-17 15:56:59 2019     DEBUG    GET /
2012-08-17 15:56:59 2019     DEBUG    Dispatch to controller: \Controller\Index
2012-08-17 15:57:00 2019     DEBUG    GET /
2012-08-17 15:57:00 2019     DEBUG    Dispatch to controller: \Controller\Index
2012-08-17 15:57:00 2019     DEBUG    POST /
2012-08-17 15:57:00 2019     DEBUG    Dispatch to controller: \Controller\Index
2012-08-17 15:58:09 2036     DEBUG    GET /
2012-08-17 15:58:09 2036     DEBUG    Dispatch to controller: \Controller\Index
2012-08-17 15:58:54 2051     DEBUG    GET /
2012-08-17 15:58:54 2051     DEBUG    Dispatch to controller: \Controller\Index
2012-08-17 15:59:08 2052     DEBUG    GET /
2012-08-17 15:59:08 2052     DEBUG    Dispatch to controller: \Controller\Index
2012-08-17 15:59:35 2056     DEBUG    GET /
2012-08-17 15:59:35 2056     DEBUG    Dispatch to controller: \Controller\Index
2012-08-17 15:59:35 2056     DEBUG    GET /
2012-08-17 15:59:35 2056     DEBUG    Dispatch to controller: \Controller\Index
2012-08-17 15:59:55 2060     DEBUG    GET /
2012-08-17 15:59:55 2060     DEBUG    Dispatch to controller: \Controller\Index
2012-08-17 15:59:55 2060     DEBUG    GET /
2012-08-17 15:59:55 2060     DEBUG    Dispatch to controller: \Controller\Index
2012-08-17 16:00:29 2065     DEBUG    GET /
2012-08-17 16:00:29 2065     DEBUG    Dispatch to controller: \Controller\Index
2012-08-17 16:00:29 2065     DEBUG    GET /
2012-08-17 16:00:29 2065     DEBUG    Dispatch to controller: \Controller\Index
2012-08-17 16:01:31 2067     DEBUG    GET /
2012-08-17 16:01:31 2067     DEBUG    Dispatch to controller: \Controller\Index
2012-08-17 16:01:31 2067     DEBUG    GET /
2012-08-17 16:01:31 2067     DEBUG    Dispatch to controller: \Controller\Index
2012-08-17 16:02:04 2080     DEBUG    GET /
2012-08-17 16:02:04 2080     DEBUG    Dispatch to controller: \Controller\Index
2012-08-17 16:02:04 2080     DEBUG    GET /
2012-08-17 16:02:04 2080     DEBUG    Dispatch to controller: \Controller\Index
2012-08-17 16:02:04 2080     DEBUG    POST /
2012-08-17 16:02:04 2080     DEBUG    Dispatch to controller: \Controller\Index
2012-08-17 16:02:16 2081     DEBUG    GET /
2012-08-17 16:02:16 2081     DEBUG    Dispatch to controller: \Controller\Index
2012-08-17 16:02:16 2081     DEBUG    GET /
2012-08-17 16:02:16 2081     DEBUG    Dispatch to controller: \Controller\Index
2012-08-17 16:02:16 2081     DEBUG    POST /
2012-08-17 16:02:16 2081     DEBUG    Dispatch to controller: \Controller\Index
2012-08-17 16:02:40 2091     DEBUG    GET /
2012-08-17 16:02:40 2091     DEBUG    Dispatch to controller: \Controller\Index
2012-08-17 16:02:40 2091     DEBUG    GET /
2012-08-17 16:02:40 2091     DEBUG    Dispatch to controller: \Controller\Index
2012-08-17 16:02:40 2091     DEBUG    POST /
2012-08-17 16:02:40 2091     DEBUG    Dispatch to controller: \Controller\Index
2012-08-17 16:03:13 2103     DEBUG    GET /
2012-08-17 16:03:13 2103     DEBUG    Dispatch to controller: \Controller\Index
2012-08-17 16:03:13 2103     DEBUG    GET /
2012-08-17 16:03:13 2103     DEBUG    Dispatch to controller: \Controller\Index
2012-08-17 16:03:13 2103     DEBUG    POST /
2012-08-17 16:03:13 2103     DEBUG    Dispatch to controller: \Controller\Index
2012-08-17 16:03:19 2104     DEBUG    GET /
2012-08-17 16:03:19 2104     DEBUG    Dispatch to controller: \Controller\Index
2012-08-17 16:03:19 2104     DEBUG    GET /
2012-08-17 16:03:19 2104     DEBUG    Dispatch to controller: \Controller\Index
2012-08-17 16:03:19 2104     DEBUG    POST /
2012-08-17 16:03:19 2104     DEBUG    Dispatch to controller: \Controller\Index
2012-08-17 16:03:34 2105     DEBUG    GET /
2012-08-17 16:03:34 2105     DEBUG    Dispatch to controller: \Controller\Index
2012-08-17 16:03:34 2105     DEBUG    GET /
2012-08-17 16:03:34 2105     DEBUG    Dispatch to controller: \Controller\Index
2012-08-17 16:03:34 2105     DEBUG    POST /
2012-08-17 16:03:34 2105     DEBUG    Dispatch to controller: \Controller\Index
2012-08-17 16:03:51 2112     DEBUG    GET /
2012-08-17 16:03:51 2112     DEBUG    Dispatch to controller: \Controller\Index
2012-08-17 16:03:51 2112     DEBUG    GET /
2012-08-17 16:03:51 2112     DEBUG    Dispatch to controller: \Controller\Index
2012-08-17 16:03:51 2112     DEBUG    POST /
2012-08-17 16:03:51 2112     DEBUG    Dispatch to controller: \Controller\Index
2012-08-17 16:03:58 2113     DEBUG    GET /
2012-08-17 16:03:58 2113     DEBUG    Dispatch to controller: \Controller\Index
2012-08-17 16:03:58 2113     DEBUG    GET /
2012-08-17 16:03:58 2113     DEBUG    Dispatch to controller: \Controller\Index
2012-08-17 16:03:58 2113     DEBUG    POST /
2012-08-17 16:03:58 2113     DEBUG    Dispatch to controller: \Controller\Index
2012-08-17 16:08:37 2134     DEBUG    GET /
2012-08-17 16:08:37 2134     DEBUG    Dispatch to controller: \Controller\Index
2012-08-17 16:08:37 2134     DEBUG    GET /
2012-08-17 16:08:37 2134     DEBUG    Dispatch to controller: \Controller\Index
2012-08-17 16:08:37 2134     DEBUG    POST /
2012-08-17 16:08:37 2134     DEBUG    Dispatch to controller: \Controller\Index
2012-08-17 16:23:17 2217     DEBUG    GET /
2012-08-17 16:23:17 2217     DEBUG    Dispatch to controller: \Controller\Index
2012-08-17 16:23:17 2217     DEBUG    GET /
2012-08-17 16:23:17 2217     DEBUG    Dispatch to controller: \Controller\Index
2012-08-17 16:23:17 2217     DEBUG    POST /
2012-08-17 16:23:17 2217     DEBUG    Dispatch to controller: \Controller\Index
2012-08-17 16:28:23 2252     DEBUG    GET /
2012-08-17 16:28:23 2252     DEBUG    Dispatch to controller: \Controller\Index
2012-08-17 16:28:23 2252     DEBUG    GET /
2012-08-17 16:28:23 2252     DEBUG    Dispatch to controller: \Controller\Index
2012-08-17 16:28:23 2252     DEBUG    POST /
2012-08-17 16:28:23 2252     DEBUG    Dispatch to controller: \Controller\Index
2012-08-17 16:28:39 2253     DEBUG    GET /
2012-08-17 16:28:39 2253     DEBUG    Dispatch to controller: \Controller\Index
2012-08-17 16:28:39 2253     DEBUG    GET /
2012-08-17 16:28:39 2253     DEBUG    Dispatch to controller: \Controller\Index
2012-08-17 16:28:39 2253     DEBUG    POST /
2012-08-17 16:28:39 2253     DEBUG    Dispatch to controller: \Controller\Index
2012-08-17 16:28:45 2257     DEBUG    GET /
2012-08-17 16:28:45 2257     DEBUG    Dispatch to controller: \Controller\Index
2012-08-17 16:28:45 2257     DEBUG    GET /
2012-08-17 16:28:45 2257     DEBUG    Dispatch to controller: \Controller\Index
2012-08-17 16:28:45 2257     DEBUG    POST /
2012-08-17 16:28:45 2257     DEBUG    Dispatch to controller: \Controller\Index
2012-08-17 16:29:21 2262     DEBUG    GET /
2012-08-17 16:29:21 2262     DEBUG    Dispatch to controller: \Controller\Index
2012-08-17 16:29:21 2262     DEBUG    GET /
2012-08-17 16:29:21 2262     DEBUG    Dispatch to controller: \Controller\Index
2012-08-17 16:29:21 2262     DEBUG    POST /
2012-08-17 16:29:21 2262     DEBUG    Dispatch to controller: \Controller\Index
2012-08-17 16:29:34 2263     DEBUG    GET /
2012-08-17 16:29:34 2263     DEBUG    Dispatch to controller: \Controller\Index
2012-08-17 16:29:34 2263     DEBUG    GET /
2012-08-17 16:29:34 2263     DEBUG    Dispatch to controller: \Controller\Index
2012-08-17 16:29:34 2263     DEBUG    POST /
2012-08-17 16:29:34 2263     DEBUG    Dispatch to controller: \Controller\Index
2012-08-17 16:30:07 2266     DEBUG    GET /
2012-08-17 16:30:07 2266     DEBUG    Dispatch to controller: \Controller\Index
2012-08-17 16:30:07 2266     DEBUG    GET /
2012-08-17 16:30:07 2266     DEBUG    Dispatch to controller: \Controller\Index
2012-08-17 16:30:07 2266     DEBUG    POST /
2012-08-17 16:30:07 2266     DEBUG    Dispatch to controller: \Controller\Index
2012-08-17 16:30:11 2267     DEBUG    GET /
2012-08-17 16:30:11 2267     DEBUG    Dispatch to controller: \Controller\Index
2012-08-17 16:30:11 2267     DEBUG    GET /
2012-08-17 16:30:11 2267     DEBUG    Dispatch to controller: \Controller\Index
2012-08-17 16:30:11 2267     DEBUG    POST /
2012-08-17 16:30:11 2267     DEBUG    Dispatch to controller: \Controller\Index
2012-08-17 16:30:20 2268     DEBUG    GET /
2012-08-17 16:30:20 2268     DEBUG    Dispatch to controller: \Controller\Index
2012-08-17 16:30:20 2268     DEBUG    GET /
2012-08-17 16:30:20 2268     DEBUG    Dispatch to controller: \Controller\Index
2012-08-17 16:30:20 2268     DEBUG    POST /
2012-08-17 16:30:20 2268     DEBUG    Dispatch to controller: \Controller\Index
2012-08-17 16:30:24 2269     DEBUG    GET /
2012-08-17 16:30:24 2269     DEBUG    Dispatch to controller: \Controller\Index
2012-08-17 16:30:24 2269     DEBUG    GET /
2012-08-17 16:30:24 2269     DEBUG    Dispatch to controller: \Controller\Index
2012-08-17 16:30:24 2269     DEBUG    POST /
2012-08-17 16:30:24 2269     DEBUG    Dispatch to controller: \Controller\Index
2012-08-17 16:30:32 2270     DEBUG    GET /
2012-08-17 16:30:32 2270     DEBUG    Dispatch to controller: \Controller\Index
2012-08-17 16:30:33 2270     DEBUG    GET /
2012-08-17 16:30:33 2270     DEBUG    Dispatch to controller: \Controller\Index
2012-08-17 16:30:33 2270     DEBUG    POST /
2012-08-17 16:30:33 2270     DEBUG    Dispatch to controller: \Controller\Index
2012-08-17 16:36:24 2291     DEBUG    GET /
2012-08-17 16:36:24 2291     DEBUG    Dispatch to controller: \Controller\Index
2012-08-17 16:36:24 2291     DEBUG    GET /
2012-08-17 16:36:24 2291     DEBUG    Dispatch to controller: \Controller\Index
2012-08-17 16:36:24 2291     DEBUG    POST /
2012-08-17 16:36:24 2291     DEBUG    Dispatch to controller: \Controller\Index
2012-08-17 16:37:01 2297     DEBUG    GET /
2012-08-17 16:37:01 2297     DEBUG    Dispatch to controller: \Controller\Index
2012-08-17 16:37:01 2297     DEBUG    POST /
2012-08-17 16:37:01 2297     DEBUG    Dispatch to controller: \Controller\Index
2012-08-17 17:10:01 2431     DEBUG    GET /
2012-08-17 17:10:01 2431     DEBUG    Dispatch to controller: \Controller\Index
2012-08-17 17:10:01 2431     DEBUG    POST /
2012-08-17 17:10:01 2431     DEBUG    Dispatch to controller: \Controller\Index
2012-08-17 17:25:59 2485     DEBUG    GET /
2012-08-17 17:25:59 2485     DEBUG    Dispatch to controller: \Controller\Index
2012-08-17 17:25:59 2485     DEBUG    POST /
2012-08-17 17:25:59 2485     DEBUG    Dispatch to controller: \Controller\Index
2012-08-17 17:40:53 2549     DEBUG    GET /
2012-08-17 17:40:53 2549     DEBUG    Dispatch to controller: \Controller\Index
2012-08-17 17:40:53 2549     DEBUG    POST /
2012-08-17 17:40:53 2549     DEBUG    Dispatch to controller: \Controller\Index
2012-08-17 18:01:34 2611     DEBUG    GET /
2012-08-17 18:01:34 2611     DEBUG    Dispatch to controller: \Controller\Index
2012-08-17 18:01:34 2611     DEBUG    POST /
2012-08-17 18:01:34 2611     DEBUG    Dispatch to controller: \Controller\Index
2012-08-17 18:01:34 2611     DEBUG    POST /
2012-08-17 18:01:34 2611     DEBUG    Dispatch to controller: \Controller\Index
2012-08-17 18:01:47 2612     DEBUG    GET /
2012-08-17 18:01:47 2612     DEBUG    Dispatch to controller: \Controller\Index
2012-08-17 18:01:47 2612     DEBUG    POST /
2012-08-17 18:01:47 2612     DEBUG    Dispatch to controller: \Controller\Index
2012-08-17 18:03:56 2622     DEBUG    GET /
2012-08-17 18:03:56 2622     DEBUG    Dispatch to controller: \Controller\Index
2012-08-17 18:03:56 2622     DEBUG    POST /
2012-08-17 18:03:56 2622     DEBUG    Dispatch to controller: \Controller\Index
2012-08-17 18:04:41 2634     DEBUG    GET /
2012-08-17 18:04:41 2634     DEBUG    Dispatch to controller: \Controller\Index
2012-08-17 18:04:41 2634     DEBUG    POST /
2012-08-17 18:04:41 2634     DEBUG    Dispatch to controller: \Controller\Index
