2012-08-23 10:08:59 554      DEBUG    GET /
2012-08-23 10:08:59 554      DEBUG    Dispatch to controller: \Controller\Index
2012-08-23 10:09:00 555      DEBUG    GET /favicon.ico
2012-08-23 10:09:00 555      DEBUG    Dispatch to controller: \Controller\Favicon.ico
2012-08-23 10:09:00 555      DEBUG    HTTP/1.1 404 Not Found
2012-08-23 10:09:12 554      DEBUG    GET /
2012-08-23 10:09:12 554      DEBUG    Dispatch to controller: \Controller\Index
2012-08-23 10:09:14 555      DEBUG    GET /test
2012-08-23 10:09:14 555      DEBUG    Dispatch to controller: \Controller\Test
2012-08-23 10:09:14 554      DEBUG    GET /favicon.ico
2012-08-23 10:09:14 554      DEBUG    Dispatch to controller: \Controller\Favicon.ico
2012-08-23 10:09:14 554      DEBUG    HTTP/1.1 404 Not Found
2012-08-23 10:09:56 555      DEBUG    GET /
2012-08-23 10:09:56 555      DEBUG    Dispatch to controller: \Controller\Index
2012-08-23 10:09:56 554      DEBUG    GET /favicon.ico
2012-08-23 10:09:56 554      DEBUG    Dispatch to controller: \Controller\Favicon.ico
2012-08-23 10:09:56 554      DEBUG    HTTP/1.1 404 Not Found
2012-08-23 10:10:21 555      DEBUG    GET /test
2012-08-23 10:10:21 555      DEBUG    Dispatch to controller: \Controller\Test
2012-08-23 10:10:21 554      DEBUG    GET /favicon.ico
2012-08-23 10:10:21 554      DEBUG    Dispatch to controller: \Controller\Favicon.ico
2012-08-23 10:10:21 554      DEBUG    HTTP/1.1 404 Not Found
2012-08-23 10:10:58 555      DEBUG    GET /test
2012-08-23 10:10:58 555      DEBUG    Dispatch to controller: \Controller\Test
2012-08-23 10:10:58 554      DEBUG    GET /favicon.ico
2012-08-23 10:10:58 554      DEBUG    Dispatch to controller: \Controller\Favicon.ico
2012-08-23 10:10:58 554      DEBUG    HTTP/1.1 404 Not Found
2012-08-23 10:15:24 555      DEBUG    GET /
2012-08-23 10:15:24 555      DEBUG    Dispatch to controller: \Controller\Index
2012-08-23 10:15:24 555      ERROR    Exception ErrorException (8)
2012-08-23 10:15:24 555      ERROR    Message: Undefined index: a
2012-08-23 10:15:24 555      ERROR    #0 /Users/yeaha/Sites/_repos/lysine2/src/utils.php(125): {closure}(8, 'Undefined index...', '/Users/yeaha/Si...', 125, Array)
2012-08-23 10:15:24 555      ERROR    #1 /Users/yeaha/Sites/_repos/lysine2/demos/hello_world/controller/index.php(6): Lysine\Session->offsetGet('a')
2012-08-23 10:15:24 555      ERROR    #2 /Users/yeaha/Sites/_repos/lysine2/src/mvc.php(123): Controller\Index->GET()
2012-08-23 10:15:24 555      ERROR    #3 /Users/yeaha/Sites/_repos/lysine2/src/mvc.php(40): Lysine\MVC\Router->dispatch('/', 'GET')
2012-08-23 10:15:24 555      ERROR    #4 /Users/yeaha/Sites/_repos/lysine2/demos/hello_world/public/index.php(8): Lysine\MVC\Application->execute()
2012-08-23 10:15:24 555      ERROR    #5 {main}
2012-08-23 10:15:24 554      DEBUG    GET /favicon.ico
2012-08-23 10:15:24 554      DEBUG    Dispatch to controller: \Controller\Favicon.ico
2012-08-23 10:15:24 554      DEBUG    HTTP/1.1 404 Not Found
2012-08-23 10:16:46 555      DEBUG    GET /
2012-08-23 10:16:46 555      DEBUG    Dispatch to controller: \Controller\Index
2012-08-23 10:16:46 555      ERROR    Exception ErrorException (8)
2012-08-23 10:16:46 555      ERROR    Message: Indirect modification of overloaded element of Lysine\Session has no effect
2012-08-23 10:16:46 555      ERROR    #0 /Users/yeaha/Sites/_repos/lysine2/demos/hello_world/controller/index.php(6): {closure}(8, 'Indirect modifi...', '/Users/yeaha/Si...', 6, Array)
2012-08-23 10:16:46 555      ERROR    #1 /Users/yeaha/Sites/_repos/lysine2/src/mvc.php(123): Controller\Index->GET()
2012-08-23 10:16:46 555      ERROR    #2 /Users/yeaha/Sites/_repos/lysine2/src/mvc.php(40): Lysine\MVC\Router->dispatch('/', 'GET')
2012-08-23 10:16:46 555      ERROR    #3 /Users/yeaha/Sites/_repos/lysine2/demos/hello_world/public/index.php(8): Lysine\MVC\Application->execute()
2012-08-23 10:16:46 555      ERROR    #4 {main}
2012-08-23 10:16:46 554      DEBUG    GET /favicon.ico
2012-08-23 10:16:46 554      DEBUG    Dispatch to controller: \Controller\Favicon.ico
2012-08-23 10:16:46 554      DEBUG    HTTP/1.1 404 Not Found
2012-08-23 10:18:27 555      DEBUG    GET /
2012-08-23 10:18:27 555      DEBUG    Dispatch to controller: \Controller\Index
2012-08-23 10:18:27 555      ERROR    Exception ErrorException (8)
2012-08-23 10:18:27 555      ERROR    Message: Undefined index: a
2012-08-23 10:18:27 555      ERROR    #0 /Users/yeaha/Sites/_repos/lysine2/src/utils.php(125): {closure}(8, 'Undefined index...', '/Users/yeaha/Si...', 125, Array)
2012-08-23 10:18:27 555      ERROR    #1 /Users/yeaha/Sites/_repos/lysine2/demos/hello_world/controller/index.php(6): Lysine\Session->offsetGet('a')
2012-08-23 10:18:27 555      ERROR    #2 /Users/yeaha/Sites/_repos/lysine2/src/mvc.php(123): Controller\Index->GET()
2012-08-23 10:18:27 555      ERROR    #3 /Users/yeaha/Sites/_repos/lysine2/src/mvc.php(40): Lysine\MVC\Router->dispatch('/', 'GET')
2012-08-23 10:18:27 555      ERROR    #4 /Users/yeaha/Sites/_repos/lysine2/demos/hello_world/public/index.php(8): Lysine\MVC\Application->execute()
2012-08-23 10:18:27 555      ERROR    #5 {main}
2012-08-23 10:18:27 554      DEBUG    GET /favicon.ico
2012-08-23 10:18:27 554      DEBUG    Dispatch to controller: \Controller\Favicon.ico
2012-08-23 10:18:27 554      DEBUG    HTTP/1.1 404 Not Found
2012-08-23 10:18:38 555      DEBUG    GET /
2012-08-23 10:18:38 555      DEBUG    Dispatch to controller: \Controller\Index
2012-08-23 10:18:38 555      ERROR    Exception ErrorException (8)
2012-08-23 10:18:38 555      ERROR    Message: Indirect modification of overloaded element of Lysine\Session has no effect
2012-08-23 10:18:38 555      ERROR    #0 /Users/yeaha/Sites/_repos/lysine2/demos/hello_world/controller/index.php(6): {closure}(8, 'Indirect modifi...', '/Users/yeaha/Si...', 6, Array)
2012-08-23 10:18:38 555      ERROR    #1 /Users/yeaha/Sites/_repos/lysine2/src/mvc.php(123): Controller\Index->GET()
2012-08-23 10:18:38 555      ERROR    #2 /Users/yeaha/Sites/_repos/lysine2/src/mvc.php(40): Lysine\MVC\Router->dispatch('/', 'GET')
2012-08-23 10:18:38 555      ERROR    #3 /Users/yeaha/Sites/_repos/lysine2/demos/hello_world/public/index.php(8): Lysine\MVC\Application->execute()
2012-08-23 10:18:38 555      ERROR    #4 {main}
2012-08-23 10:18:38 554      DEBUG    GET /favicon.ico
2012-08-23 10:18:38 554      DEBUG    Dispatch to controller: \Controller\Favicon.ico
2012-08-23 10:18:38 554      DEBUG    HTTP/1.1 404 Not Found
2012-08-23 10:19:35 555      DEBUG    GET /
2012-08-23 10:19:35 555      DEBUG    Dispatch to controller: \Controller\Index
2012-08-23 10:19:35 555      ERROR    Exception ErrorException (8)
2012-08-23 10:19:35 555      ERROR    Message: Indirect modification of overloaded element of Lysine\Session has no effect
2012-08-23 10:19:35 555      ERROR    #0 /Users/yeaha/Sites/_repos/lysine2/demos/hello_world/controller/index.php(6): {closure}(8, 'Indirect modifi...', '/Users/yeaha/Si...', 6, Array)
2012-08-23 10:19:35 555      ERROR    #1 /Users/yeaha/Sites/_repos/lysine2/src/mvc.php(123): Controller\Index->GET()
2012-08-23 10:19:35 555      ERROR    #2 /Users/yeaha/Sites/_repos/lysine2/src/mvc.php(40): Lysine\MVC\Router->dispatch('/', 'GET')
2012-08-23 10:19:35 555      ERROR    #3 /Users/yeaha/Sites/_repos/lysine2/demos/hello_world/public/index.php(8): Lysine\MVC\Application->execute()
2012-08-23 10:19:35 555      ERROR    #4 {main}
2012-08-23 10:19:35 554      DEBUG    GET /favicon.ico
2012-08-23 10:19:35 554      DEBUG    Dispatch to controller: \Controller\Favicon.ico
2012-08-23 10:19:35 554      DEBUG    HTTP/1.1 404 Not Found
2012-08-23 10:19:36 555      DEBUG    GET /
2012-08-23 10:19:36 555      DEBUG    Dispatch to controller: \Controller\Index
2012-08-23 10:19:36 555      ERROR    Exception ErrorException (8)
2012-08-23 10:19:36 555      ERROR    Message: Indirect modification of overloaded element of Lysine\Session has no effect
2012-08-23 10:19:36 555      ERROR    #0 /Users/yeaha/Sites/_repos/lysine2/demos/hello_world/controller/index.php(6): {closure}(8, 'Indirect modifi...', '/Users/yeaha/Si...', 6, Array)
2012-08-23 10:19:36 555      ERROR    #1 /Users/yeaha/Sites/_repos/lysine2/src/mvc.php(123): Controller\Index->GET()
2012-08-23 10:19:36 555      ERROR    #2 /Users/yeaha/Sites/_repos/lysine2/src/mvc.php(40): Lysine\MVC\Router->dispatch('/', 'GET')
2012-08-23 10:19:36 555      ERROR    #3 /Users/yeaha/Sites/_repos/lysine2/demos/hello_world/public/index.php(8): Lysine\MVC\Application->execute()
2012-08-23 10:19:36 555      ERROR    #4 {main}
2012-08-23 10:19:36 554      DEBUG    GET /favicon.ico
2012-08-23 10:19:36 554      DEBUG    Dispatch to controller: \Controller\Favicon.ico
2012-08-23 10:19:36 554      DEBUG    HTTP/1.1 404 Not Found
2012-08-23 10:19:36 555      DEBUG    GET /
2012-08-23 10:19:36 555      DEBUG    Dispatch to controller: \Controller\Index
2012-08-23 10:19:36 555      ERROR    Exception ErrorException (8)
2012-08-23 10:19:36 555      ERROR    Message: Indirect modification of overloaded element of Lysine\Session has no effect
2012-08-23 10:19:36 555      ERROR    #0 /Users/yeaha/Sites/_repos/lysine2/demos/hello_world/controller/index.php(6): {closure}(8, 'Indirect modifi...', '/Users/yeaha/Si...', 6, Array)
2012-08-23 10:19:36 555      ERROR    #1 /Users/yeaha/Sites/_repos/lysine2/src/mvc.php(123): Controller\Index->GET()
2012-08-23 10:19:36 555      ERROR    #2 /Users/yeaha/Sites/_repos/lysine2/src/mvc.php(40): Lysine\MVC\Router->dispatch('/', 'GET')
2012-08-23 10:19:36 555      ERROR    #3 /Users/yeaha/Sites/_repos/lysine2/demos/hello_world/public/index.php(8): Lysine\MVC\Application->execute()
2012-08-23 10:19:36 555      ERROR    #4 {main}
2012-08-23 10:19:36 554      DEBUG    GET /favicon.ico
2012-08-23 10:19:36 554      DEBUG    Dispatch to controller: \Controller\Favicon.ico
2012-08-23 10:19:36 554      DEBUG    HTTP/1.1 404 Not Found
2012-08-23 10:20:31 555      DEBUG    GET /
2012-08-23 10:20:31 555      DEBUG    Dispatch to controller: \Controller\Index
2012-08-23 10:20:31 555      ERROR    Exception ErrorException (8)
2012-08-23 10:20:31 555      ERROR    Message: Indirect modification of overloaded element of Lysine\Session has no effect
2012-08-23 10:20:31 555      ERROR    #0 /Users/yeaha/Sites/_repos/lysine2/demos/hello_world/controller/index.php(6): {closure}(8, 'Indirect modifi...', '/Users/yeaha/Si...', 6, Array)
2012-08-23 10:20:31 555      ERROR    #1 /Users/yeaha/Sites/_repos/lysine2/src/mvc.php(123): Controller\Index->GET()
2012-08-23 10:20:31 555      ERROR    #2 /Users/yeaha/Sites/_repos/lysine2/src/mvc.php(40): Lysine\MVC\Router->dispatch('/', 'GET')
2012-08-23 10:20:31 555      ERROR    #3 /Users/yeaha/Sites/_repos/lysine2/demos/hello_world/public/index.php(8): Lysine\MVC\Application->execute()
2012-08-23 10:20:31 555      ERROR    #4 {main}
2012-08-23 10:20:31 554      DEBUG    GET /favicon.ico
2012-08-23 10:20:31 554      DEBUG    Dispatch to controller: \Controller\Favicon.ico
2012-08-23 10:20:31 554      DEBUG    HTTP/1.1 404 Not Found
2012-08-23 10:20:43 555      DEBUG    GET /
2012-08-23 10:20:43 555      DEBUG    Dispatch to controller: \Controller\Index
2012-08-23 10:20:43 555      ERROR    Exception ErrorException (8)
2012-08-23 10:20:43 555      ERROR    Message: Undefined index: a
2012-08-23 10:20:43 555      ERROR    #0 /Users/yeaha/Sites/_repos/lysine2/src/utils.php(125): {closure}(8, 'Undefined index...', '/Users/yeaha/Si...', 125, Array)
2012-08-23 10:20:43 555      ERROR    #1 /Users/yeaha/Sites/_repos/lysine2/demos/hello_world/controller/index.php(6): Lysine\Session->offsetGet('a')
2012-08-23 10:20:43 555      ERROR    #2 /Users/yeaha/Sites/_repos/lysine2/src/mvc.php(123): Controller\Index->GET()
2012-08-23 10:20:43 555      ERROR    #3 /Users/yeaha/Sites/_repos/lysine2/src/mvc.php(40): Lysine\MVC\Router->dispatch('/', 'GET')
2012-08-23 10:20:43 555      ERROR    #4 /Users/yeaha/Sites/_repos/lysine2/demos/hello_world/public/index.php(8): Lysine\MVC\Application->execute()
2012-08-23 10:20:43 555      ERROR    #5 {main}
2012-08-23 10:20:43 554      DEBUG    GET /favicon.ico
2012-08-23 10:20:43 554      DEBUG    Dispatch to controller: \Controller\Favicon.ico
2012-08-23 10:20:43 554      DEBUG    HTTP/1.1 404 Not Found
2012-08-23 10:25:11 555      DEBUG    GET /
2012-08-23 10:25:11 555      DEBUG    Dispatch to controller: \Controller\Index
2012-08-23 10:25:11 555      ERROR    Exception ErrorException (8)
2012-08-23 10:25:11 555      ERROR    Message: Indirect modification of overloaded element of Lysine\Session has no effect
2012-08-23 10:25:11 555      ERROR    #0 /Users/yeaha/Sites/_repos/lysine2/demos/hello_world/controller/index.php(6): {closure}(8, 'Indirect modifi...', '/Users/yeaha/Si...', 6, Array)
2012-08-23 10:25:11 555      ERROR    #1 /Users/yeaha/Sites/_repos/lysine2/src/mvc.php(123): Controller\Index->GET()
2012-08-23 10:25:11 555      ERROR    #2 /Users/yeaha/Sites/_repos/lysine2/src/mvc.php(40): Lysine\MVC\Router->dispatch('/', 'GET')
2012-08-23 10:25:11 555      ERROR    #3 /Users/yeaha/Sites/_repos/lysine2/demos/hello_world/public/index.php(8): Lysine\MVC\Application->execute()
2012-08-23 10:25:11 555      ERROR    #4 {main}
2012-08-23 10:25:11 554      DEBUG    GET /favicon.ico
2012-08-23 10:25:11 554      DEBUG    Dispatch to controller: \Controller\Favicon.ico
2012-08-23 10:25:11 554      DEBUG    HTTP/1.1 404 Not Found
2012-08-23 10:38:15 555      DEBUG    GET /
2012-08-23 10:38:15 555      DEBUG    Dispatch to controller: \Controller\Index
2012-08-23 10:38:15 554      DEBUG    GET /favicon.ico
2012-08-23 10:38:15 554      DEBUG    Dispatch to controller: \Controller\Favicon.ico
2012-08-23 10:38:15 554      DEBUG    HTTP/1.1 404 Not Found
2012-08-23 10:38:25 555      DEBUG    GET /
2012-08-23 10:38:25 555      DEBUG    Dispatch to controller: \Controller\Index
2012-08-23 10:38:28 554      DEBUG    GET /test
2012-08-23 10:38:28 554      DEBUG    Dispatch to controller: \Controller\Test
2012-08-23 10:38:28 554      DEBUG    HTTP/1.1 404 Not Found
2012-08-23 10:38:28 555      DEBUG    GET /favicon.ico
2012-08-23 10:38:28 555      DEBUG    Dispatch to controller: \Controller\Favicon.ico
2012-08-23 10:38:28 555      DEBUG    HTTP/1.1 404 Not Found
2012-08-23 10:38:47 554      DEBUG    GET /test
2012-08-23 10:38:47 554      DEBUG    Dispatch to controller: \Controller\Test
2012-08-23 10:38:47 555      DEBUG    GET /favicon.ico
2012-08-23 10:38:47 555      DEBUG    Dispatch to controller: \Controller\Favicon.ico
2012-08-23 10:38:47 555      DEBUG    HTTP/1.1 404 Not Found
2012-08-23 10:39:09 554      DEBUG    GET /test
2012-08-23 10:39:09 554      DEBUG    Dispatch to controller: \Controller\Test
2012-08-23 10:39:09 555      DEBUG    GET /favicon.ico
2012-08-23 10:39:09 555      DEBUG    Dispatch to controller: \Controller\Favicon.ico
2012-08-23 10:39:09 555      DEBUG    HTTP/1.1 404 Not Found
2012-08-23 10:39:38 554      DEBUG    GET /
2012-08-23 10:39:38 554      DEBUG    Dispatch to controller: \Controller\Index
2012-08-23 10:39:38 555      DEBUG    GET /favicon.ico
2012-08-23 10:39:38 555      DEBUG    Dispatch to controller: \Controller\Favicon.ico
2012-08-23 10:39:38 555      DEBUG    HTTP/1.1 404 Not Found
2012-08-23 10:40:24 554      DEBUG    GET /test
2012-08-23 10:40:24 554      DEBUG    Dispatch to controller: \Controller\Test
2012-08-23 10:40:24 555      DEBUG    GET /favicon.ico
2012-08-23 10:40:24 555      DEBUG    Dispatch to controller: \Controller\Favicon.ico
2012-08-23 10:40:24 555      DEBUG    HTTP/1.1 404 Not Found
2012-08-23 10:40:28 554      DEBUG    GET /
2012-08-23 10:40:28 554      DEBUG    Dispatch to controller: \Controller\Index
2012-08-23 10:40:28 555      DEBUG    GET /favicon.ico
2012-08-23 10:40:28 555      DEBUG    Dispatch to controller: \Controller\Favicon.ico
2012-08-23 10:40:28 555      DEBUG    HTTP/1.1 404 Not Found
2012-08-23 10:40:29 554      DEBUG    GET /test
2012-08-23 10:40:29 554      DEBUG    Dispatch to controller: \Controller\Test
2012-08-23 10:40:30 555      DEBUG    GET /favicon.ico
2012-08-23 10:40:30 555      DEBUG    Dispatch to controller: \Controller\Favicon.ico
2012-08-23 10:40:30 555      DEBUG    HTTP/1.1 404 Not Found
2012-08-23 14:37:03 554      DEBUG    GET /
2012-08-23 14:37:03 554      ERROR    Exception ErrorException (8)
2012-08-23 14:37:03 554      ERROR    Message: Undefined variable: path
2012-08-23 14:37:03 554      ERROR    #0 /Users/yeaha/Sites/_repos/lysine2/src/mvc.php(86): {closure}(8, 'Undefined varia...', '/Users/yeaha/Si...', 86, Array)
2012-08-23 14:37:03 554      ERROR    #1 /Users/yeaha/Sites/_repos/lysine2/src/mvc.php(40): Lysine\MVC\Router->execute('/', 'GET')
2012-08-23 14:37:03 554      ERROR    #2 /Users/yeaha/Sites/_repos/lysine2/demos/hello_world/public/index.php(8): Lysine\MVC\Application->execute()
2012-08-23 14:37:03 554      ERROR    #3 {main}
2012-08-23 14:37:04 555      DEBUG    GET /favicon.ico
2012-08-23 14:37:04 555      ERROR    Exception ErrorException (8)
2012-08-23 14:37:04 555      ERROR    Message: Undefined variable: path
2012-08-23 14:37:04 555      ERROR    #0 /Users/yeaha/Sites/_repos/lysine2/src/mvc.php(86): {closure}(8, 'Undefined varia...', '/Users/yeaha/Si...', 86, Array)
2012-08-23 14:37:04 555      ERROR    #1 /Users/yeaha/Sites/_repos/lysine2/src/mvc.php(40): Lysine\MVC\Router->execute('/favicon.ico', 'GET')
2012-08-23 14:37:04 555      ERROR    #2 /Users/yeaha/Sites/_repos/lysine2/demos/hello_world/public/index.php(8): Lysine\MVC\Application->execute()
2012-08-23 14:37:04 555      ERROR    #3 {main}
2012-08-23 14:37:27 554      DEBUG    GET /
2012-08-23 14:37:27 554      DEBUG    Dispatch to controller: \Controller\Index
2012-08-23 14:37:27 555      DEBUG    GET /favicon.ico
2012-08-23 14:37:27 555      DEBUG    Dispatch to controller: \Controller\Favicon.ico
2012-08-23 14:37:27 555      DEBUG    HTTP/1.1 404 Not Found
2012-08-23 14:39:39 554      DEBUG    GET /
2012-08-23 14:39:39 554      DEBUG    Dispatch to controller: \Controller\Index
2012-08-23 14:39:39 555      DEBUG    GET /favicon.ico
2012-08-23 14:39:39 555      DEBUG    Dispatch to controller: \Controller\Favicon.ico
2012-08-23 14:39:39 555      DEBUG    HTTP/1.1 404 Not Found
2012-08-23 14:43:18 554      DEBUG    GET /
2012-08-23 14:43:18 554      DEBUG    Dispatch to controller: \Controller\Index
2012-08-23 14:43:18 555      DEBUG    GET /favicon.ico
2012-08-23 14:43:18 555      DEBUG    Dispatch to controller: \Controller\Favicon.ico
2012-08-23 14:43:18 555      DEBUG    HTTP/1.1 404 Not Found
2012-08-23 15:51:39 554      DEBUG    GET /
2012-08-23 15:51:39 554      DEBUG    Dispatch to controller: \Controller\Index
2012-08-23 15:51:39 555      DEBUG    GET /favicon.ico
2012-08-23 15:51:39 555      DEBUG    Dispatch to controller: \Controller\Favicon.ico
2012-08-23 15:51:39 555      DEBUG    HTTP/1.1 404 Not Found
